TN:
SF:src\components\atoms\Banner\Banner.css
FNF:0
FNH:0
LF:0
LH:0
BRF:0
BRH:0
end_of_record
TN:
SF:src\components\atoms\Banner\Banner.jsx
FN:6,(anonymous_0)
FNF:1
FNH:1
FNDA:3,(anonymous_0)
DA:6,3
LF:1
LH:1
BRF:0
BRH:0
end_of_record
TN:
SF:src\components\atoms\Logo\Logo.css
FNF:0
FNH:0
LF:0
LH:0
BRF:0
BRH:0
end_of_record
TN:
SF:src\components\atoms\Logo\Logo.jsx
FN:5,(anonymous_0)
FNF:1
FNH:1
FNDA:3,(anonymous_0)
DA:5,3
LF:1
LH:1
BRF:0
BRH:0
end_of_record
TN:
SF:src\components\atoms\Timer\Timer.css
FNF:0
FNH:0
LF:0
LH:0
BRF:0
BRH:0
end_of_record
TN:
SF:src\components\atoms\Timer\Timer.jsx
FN:5,Timer
FN:10,(anonymous_1)
FN:11,(anonymous_2)
FN:12,(anonymous_3)
FNF:4
FNH:4
FNDA:4,Timer
FNDA:4,(anonymous_1)
FNDA:1,(anonymous_2)
FNDA:4,(anonymous_3)
DA:7,4
DA:10,4
DA:11,4
DA:12,4
DA:16,4
LF:5
LH:5
BRF:0
BRH:0
end_of_record
TN:
SF:src\components\atoms\Title\Title.css
FNF:0
FNH:0
LF:0
LH:0
BRF:0
BRH:0
end_of_record
TN:
SF:src\components\atoms\Title\Title.jsx
FN:5,(anonymous_0)
FNF:1
FNH:1
FNDA:2,(anonymous_0)
DA:5,2
LF:1
LH:1
BRF:0
BRH:0
end_of_record
TN:
SF:src\components\molecules\Registration\Registration.css
FNF:0
FNH:0
LF:0
LH:0
BRF:0
BRH:0
end_of_record
TN:
SF:src\components\molecules\Registration\Registration.jsx
FN:13,Registration
FN:68,(anonymous_1)
FN:89,(anonymous_2)
FN:95,(anonymous_3)
FN:100,(anonymous_4)
FNF:5
FNH:1
FNDA:2,Registration
FNDA:0,(anonymous_1)
FNDA:0,(anonymous_2)
FNDA:0,(anonymous_3)
FNDA:0,(anonymous_4)
DA:14,2
DA:55,2
DA:69,0
DA:71,0
DA:80,0
DA:81,0
DA:82,0
DA:90,0
DA:91,0
DA:93,0
DA:96,0
DA:97,0
DA:98,0
DA:101,0
DA:102,0
DA:107,2
LF:16
LH:3
BRDA:90,0,0,0
BRDA:90,0,1,0
BRDA:116,1,0,2
BRDA:116,1,1,0
BRDA:117,2,0,2
BRDA:117,2,1,0
BRDA:132,3,0,2
BRDA:132,3,1,0
BRDA:133,4,0,2
BRDA:133,4,1,0
BRDA:147,5,0,2
BRDA:147,5,1,0
BRDA:148,6,0,2
BRDA:148,6,1,0
BRDA:161,7,0,2
BRDA:161,7,1,0
BRDA:162,8,0,2
BRDA:162,8,1,0
BRDA:174,9,0,2
BRDA:174,9,1,0
BRDA:175,10,0,2
BRDA:175,10,1,0
BRDA:189,11,0,2
BRDA:189,11,1,0
BRDA:190,12,0,2
BRDA:190,12,1,0
BRDA:204,13,0,2
BRDA:204,13,1,0
BRDA:205,14,0,2
BRDA:205,14,1,0
BRDA:218,15,0,2
BRDA:218,15,1,0
BRDA:219,16,0,2
BRDA:219,16,1,0
BRF:34
BRH:16
end_of_record
